app/build/intermediates/manifest_merge_blame_file/debug/manifest-merger-blame-debug-report.txt
1<?xml version="1.0" encoding="utf-8"?>
2<manifest xmlns:android="http://schemas.android.com/apk/res/android"
3    package="com.smsclassifier.app.debug"
4    android:versionCode="4"
5    android:versionName="1.0.3" >
6
7    <uses-sdk
8        android:minSdkVersion="26"
9        android:targetSdkVersion="35" />
10
11    <!-- SMS Permissions -->
12    <uses-permission android:name="android.permission.READ_SMS" />
12-->src\main\AndroidManifest.xml:6:5-67
12-->src\main\AndroidManifest.xml:6:22-64
13    <uses-permission android:name="android.permission.RECEIVE_SMS" />
13-->src\main\AndroidManifest.xml:7:5-70
13-->src\main\AndroidManifest.xml:7:22-67
14    <uses-permission android:name="android.permission.SEND_SMS" />
14-->src\main\AndroidManifest.xml:8:5-67
14-->src\main\AndroidManifest.xml:8:22-64
15    <uses-permission android:name="android.permission.WRITE_SMS" />
15-->src\main\AndroidManifest.xml:9:5-68
15-->src\main\AndroidManifest.xml:9:22-65
16    <uses-permission android:name="android.permission.RECEIVE_WAP_PUSH" />
16-->src\main\AndroidManifest.xml:10:5-75
16-->src\main\AndroidManifest.xml:10:22-72
17    <uses-permission android:name="android.permission.RECEIVE_MMS" />
17-->src\main\AndroidManifest.xml:11:5-70
17-->src\main\AndroidManifest.xml:11:22-67
18    <uses-permission android:name="android.permission.INTERNET" />
18-->src\main\AndroidManifest.xml:12:5-67
18-->src\main\AndroidManifest.xml:12:22-64
19    <uses-permission android:name="android.permission.ACCESS_NETWORK_STATE" />
19-->src\main\AndroidManifest.xml:13:5-79
19-->src\main\AndroidManifest.xml:13:22-76
20    <uses-permission android:name="android.permission.SEND_RESPOND_VIA_MESSAGE" />
20-->src\main\AndroidManifest.xml:14:5-83
20-->src\main\AndroidManifest.xml:14:22-80
21    <uses-permission android:name="android.permission.READ_CONTACTS" />
21-->src\main\AndroidManifest.xml:15:5-72
21-->src\main\AndroidManifest.xml:15:22-69
22    <!-- Notification Permission (required for Android 13+) -->
23    <uses-permission android:name="android.permission.POST_NOTIFICATIONS" />
23-->src\main\AndroidManifest.xml:17:5-77
23-->src\main\AndroidManifest.xml:17:22-74
24    <uses-permission android:name="android.permission.WAKE_LOCK" />
24-->[androidx.work:work-runtime:2.9.0] AndroidManifest.xml:23:5-68
24-->[androidx.work:work-runtime:2.9.0] AndroidManifest.xml:23:22-65
25    <uses-permission android:name="android.permission.RECEIVE_BOOT_COMPLETED" />
25-->[androidx.work:work-runtime:2.9.0] AndroidManifest.xml:25:5-81
25-->[androidx.work:work-runtime:2.9.0] AndroidManifest.xml:25:22-78
26    <uses-permission android:name="android.permission.FOREGROUND_SERVICE" />
26-->[androidx.work:work-runtime:2.9.0] AndroidManifest.xml:26:5-77
26-->[androidx.work:work-runtime:2.9.0] AndroidManifest.xml:26:22-74
27
28    <permission
28-->[androidx.core:core:1.12.0] AndroidManifest.xml:22:5-24:47
29        android:name="com.smsclassifier.app.debug.DYNAMIC_RECEIVER_NOT_EXPORTED_PERMISSION"
29-->[androidx.core:core:1.12.0] AndroidManifest.xml:23:9-81
30        android:protectionLevel="signature" />
30-->[androidx.core:core:1.12.0] AndroidManifest.xml:24:9-44
31
32    <uses-permission android:name="com.smsclassifier.app.debug.DYNAMIC_RECEIVER_NOT_EXPORTED_PERMISSION" />
32-->[androidx.core:core:1.12.0] AndroidManifest.xml:26:5-97
32-->[androidx.core:core:1.12.0] AndroidManifest.xml:26:22-94
33
34    <application
34-->src\main\AndroidManifest.xml:19:5-133:19
35        android:name="com.smsclassifier.app.SMSClassifierApplication"
35-->src\main\AndroidManifest.xml:20:9-49
36        android:allowBackup="true"
36-->src\main\AndroidManifest.xml:21:9-35
37        android:appComponentFactory="androidx.core.app.CoreComponentFactory"
37-->[androidx.core:core:1.12.0] AndroidManifest.xml:28:18-86
38        android:dataExtractionRules="@xml/data_extraction_rules"
38-->src\main\AndroidManifest.xml:22:9-65
39        android:debuggable="true"
40        android:extractNativeLibs="true"
40-->src\main\AndroidManifest.xml:23:9-41
41        android:fullBackupContent="@xml/backup_rules"
41-->src\main\AndroidManifest.xml:24:9-54
42        android:icon="@mipmap/ic_launcher"
42-->src\main\AndroidManifest.xml:25:9-43
43        android:label="@string/app_name"
43-->src\main\AndroidManifest.xml:26:9-41
44        android:networkSecurityConfig="@xml/network_security_config"
44-->src\main\AndroidManifest.xml:29:9-69
45        android:roundIcon="@mipmap/ic_launcher_round"
45-->src\main\AndroidManifest.xml:27:9-54
46        android:supportsRtl="true"
46-->src\main\AndroidManifest.xml:28:9-35
47        android:testOnly="true"
48        android:theme="@style/Theme.SMSClassifier" >
48-->src\main\AndroidManifest.xml:30:9-51
49        <activity
49-->src\main\AndroidManifest.xml:33:9-61:20
50            android:name="com.smsclassifier.app.MainActivity"
50-->src\main\AndroidManifest.xml:34:13-41
51            android:exported="true"
51-->src\main\AndroidManifest.xml:35:13-36
52            android:theme="@style/Theme.SMSClassifier" >
52-->src\main\AndroidManifest.xml:36:13-55
53            <intent-filter>
53-->src\main\AndroidManifest.xml:37:13-40:29
54                <action android:name="android.intent.action.MAIN" />
54-->src\main\AndroidManifest.xml:38:17-69
54-->src\main\AndroidManifest.xml:38:25-66
55
56                <category android:name="android.intent.category.LAUNCHER" />
56-->src\main\AndroidManifest.xml:39:17-77
56-->src\main\AndroidManifest.xml:39:27-74
57            </intent-filter>
58            <intent-filter>
58-->src\main\AndroidManifest.xml:41:13-45:29
59                <action android:name="android.intent.action.SENDTO" />
59-->src\main\AndroidManifest.xml:42:17-71
59-->src\main\AndroidManifest.xml:42:25-68
60
61                <category android:name="android.intent.category.DEFAULT" />
61-->src\main\AndroidManifest.xml:43:17-76
61-->src\main\AndroidManifest.xml:43:27-73
62
63                <data android:scheme="sms" />
63-->src\main\AndroidManifest.xml:44:17-46
63-->src\main\AndroidManifest.xml:44:23-43
64            </intent-filter>
65            <intent-filter>
65-->src\main\AndroidManifest.xml:46:13-50:29
66                <action android:name="android.intent.action.SENDTO" />
66-->src\main\AndroidManifest.xml:42:17-71
66-->src\main\AndroidManifest.xml:42:25-68
67
68                <category android:name="android.intent.category.DEFAULT" />
68-->src\main\AndroidManifest.xml:43:17-76
68-->src\main\AndroidManifest.xml:43:27-73
69
70                <data android:scheme="smsto" />
70-->src\main\AndroidManifest.xml:44:17-46
70-->src\main\AndroidManifest.xml:44:23-43
71            </intent-filter>
72            <intent-filter>
72-->src\main\AndroidManifest.xml:51:13-55:29
73                <action android:name="android.intent.action.SENDTO" />
73-->src\main\AndroidManifest.xml:42:17-71
73-->src\main\AndroidManifest.xml:42:25-68
74
75                <category android:name="android.intent.category.DEFAULT" />
75-->src\main\AndroidManifest.xml:43:17-76
75-->src\main\AndroidManifest.xml:43:27-73
76
77                <data android:scheme="mms" />
77-->src\main\AndroidManifest.xml:44:17-46
77-->src\main\AndroidManifest.xml:44:23-43
78            </intent-filter>
79            <intent-filter>
79-->src\main\AndroidManifest.xml:56:13-60:29
80                <action android:name="android.intent.action.SENDTO" />
80-->src\main\AndroidManifest.xml:42:17-71
80-->src\main\AndroidManifest.xml:42:25-68
81
82                <category android:name="android.intent.category.DEFAULT" />
82-->src\main\AndroidManifest.xml:43:17-76
82-->src\main\AndroidManifest.xml:43:27-73
83
84                <data android:scheme="mmsto" />
84-->src\main\AndroidManifest.xml:44:17-46
84-->src\main\AndroidManifest.xml:44:23-43
85            </intent-filter>
86        </activity>
87
88        <!-- SMS/MMS handling for default SMS app -->
89        <receiver
89-->src\main\AndroidManifest.xml:64:9-71:20
90            android:name="com.smsclassifier.app.receiver.SmsDeliverReceiver"
90-->src\main\AndroidManifest.xml:65:13-56
91            android:exported="true"
91-->src\main\AndroidManifest.xml:66:13-36
92            android:permission="android.permission.BROADCAST_SMS" >
92-->src\main\AndroidManifest.xml:67:13-66
93            <intent-filter>
93-->src\main\AndroidManifest.xml:68:13-70:29
94                <action android:name="android.provider.Telephony.SMS_DELIVER" />
94-->src\main\AndroidManifest.xml:69:17-81
94-->src\main\AndroidManifest.xml:69:25-78
95            </intent-filter>
96        </receiver>
97        <receiver
97-->src\main\AndroidManifest.xml:73:9-81:20
98            android:name="com.smsclassifier.app.receiver.WapPushReceiver"
98-->src\main\AndroidManifest.xml:74:13-53
99            android:exported="true"
99-->src\main\AndroidManifest.xml:75:13-36
100            android:permission="android.permission.BROADCAST_WAP_PUSH" >
100-->src\main\AndroidManifest.xml:76:13-71
101            <intent-filter>
101-->src\main\AndroidManifest.xml:77:13-80:29
102                <action android:name="android.provider.Telephony.WAP_PUSH_DELIVER" />
102-->src\main\AndroidManifest.xml:78:17-86
102-->src\main\AndroidManifest.xml:78:25-83
103
104                <data android:mimeType="application/vnd.wap.mms-message" />
104-->src\main\AndroidManifest.xml:44:17-46
104-->src\main\AndroidManifest.xml:79:23-73
105            </intent-filter>
106        </receiver>
107
108        <service
108-->src\main\AndroidManifest.xml:83:9-95:19
109            android:name="com.smsclassifier.app.service.SmsSendService"
109-->src\main\AndroidManifest.xml:84:13-51
110            android:exported="true"
110-->src\main\AndroidManifest.xml:85:13-36
111            android:permission="android.permission.SEND_RESPOND_VIA_MESSAGE" >
111-->src\main\AndroidManifest.xml:86:13-77
112            <intent-filter>
112-->src\main\AndroidManifest.xml:87:13-94:29
113                <action android:name="android.intent.action.RESPOND_VIA_MESSAGE" />
113-->src\main\AndroidManifest.xml:88:17-84
113-->src\main\AndroidManifest.xml:88:25-81
114
115                <category android:name="android.intent.category.DEFAULT" />
115-->src\main\AndroidManifest.xml:43:17-76
115-->src\main\AndroidManifest.xml:43:27-73
116
117                <data android:scheme="sms" />
117-->src\main\AndroidManifest.xml:44:17-46
117-->src\main\AndroidManifest.xml:44:23-43
118                <data android:scheme="smsto" />
118-->src\main\AndroidManifest.xml:44:17-46
118-->src\main\AndroidManifest.xml:44:23-43
119                <data android:scheme="mms" />
119-->src\main\AndroidManifest.xml:44:17-46
119-->src\main\AndroidManifest.xml:44:23-43
120                <data android:scheme="mmsto" />
120-->src\main\AndroidManifest.xml:44:17-46
120-->src\main\AndroidManifest.xml:44:23-43
121            </intent-filter>
122        </service>
123        <service
123-->src\main\AndroidManifest.xml:97:9-100:80
124            android:name="com.smsclassifier.app.service.MmsSendService"
124-->src\main\AndroidManifest.xml:98:13-51
125            android:exported="true"
125-->src\main\AndroidManifest.xml:99:13-36
126            android:permission="android.permission.SEND_RESPOND_VIA_MESSAGE" />
126-->src\main\AndroidManifest.xml:100:13-77
127
128        <provider
129            android:name="com.smsclassifier.app.provider.SmsProvider"
129-->src\main\AndroidManifest.xml:103:13-49
130            android:authorities="com.smsclassifier.app.debug.smsprovider"
130-->src\main\AndroidManifest.xml:104:13-63
131            android:exported="true"
131-->src\main\AndroidManifest.xml:105:13-36
132            android:grantUriPermissions="true"
132-->src\main\AndroidManifest.xml:106:13-47
133            android:multiprocess="false"
133-->src\main\AndroidManifest.xml:107:13-41
134            android:readPermission="android.permission.READ_SMS"
134-->src\main\AndroidManifest.xml:108:13-65
135            android:writePermission="android.permission.WRITE_SMS" />
135-->src\main\AndroidManifest.xml:109:13-67
136
137        <!-- Broadcast receivers for SMS send status -->
138        <receiver
138-->src\main\AndroidManifest.xml:112:9-114:40
139            android:name="com.smsclassifier.app.service.SmsSentReceiver"
139-->src\main\AndroidManifest.xml:113:13-52
140            android:exported="false" />
140-->src\main\AndroidManifest.xml:114:13-37
141        <receiver
141-->src\main\AndroidManifest.xml:116:9-118:40
142            android:name="com.smsclassifier.app.service.SmsDeliveredReceiver"
142-->src\main\AndroidManifest.xml:117:13-57
143            android:exported="false" />
143-->src\main\AndroidManifest.xml:118:13-37
144        <receiver
144-->src\main\AndroidManifest.xml:120:9-122:40
145            android:name="com.smsclassifier.app.util.QuickReplyReceiver"
145-->src\main\AndroidManifest.xml:121:13-52
146            android:exported="false" />
146-->src\main\AndroidManifest.xml:122:13-37
147
148        <provider
149            android:name="androidx.core.content.FileProvider"
149-->src\main\AndroidManifest.xml:125:13-62
150            android:authorities="com.smsclassifier.app.debug.fileprovider"
150-->src\main\AndroidManifest.xml:126:13-64
151            android:exported="false"
151-->src\main\AndroidManifest.xml:127:13-37
152            android:grantUriPermissions="true" >
152-->src\main\AndroidManifest.xml:128:13-47
153            <meta-data
153-->src\main\AndroidManifest.xml:129:13-131:54
154                android:name="android.support.FILE_PROVIDER_PATHS"
154-->src\main\AndroidManifest.xml:130:17-67
155                android:resource="@xml/file_paths" />
155-->src\main\AndroidManifest.xml:131:17-51
156        </provider>
157        <provider
157-->[androidx.work:work-runtime:2.9.0] AndroidManifest.xml:29:9-37:20
158            android:name="androidx.startup.InitializationProvider"
158-->[androidx.work:work-runtime:2.9.0] AndroidManifest.xml:30:13-67
159            android:authorities="com.smsclassifier.app.debug.androidx-startup"
159-->[androidx.work:work-runtime:2.9.0] AndroidManifest.xml:31:13-68
160            android:exported="false" >
160-->[androidx.work:work-runtime:2.9.0] AndroidManifest.xml:32:13-37
161            <meta-data
161-->[androidx.work:work-runtime:2.9.0] AndroidManifest.xml:34:13-36:52
162                android:name="androidx.work.WorkManagerInitializer"
162-->[androidx.work:work-runtime:2.9.0] AndroidManifest.xml:35:17-68
163                android:value="androidx.startup" />
163-->[androidx.work:work-runtime:2.9.0] AndroidManifest.xml:36:17-49
164            <meta-data
164-->[androidx.emoji2:emoji2:1.4.0] AndroidManifest.xml:29:13-31:52
165                android:name="androidx.emoji2.text.EmojiCompatInitializer"
165-->[androidx.emoji2:emoji2:1.4.0] AndroidManifest.xml:30:17-75
166                android:value="androidx.startup" />
166-->[androidx.emoji2:emoji2:1.4.0] AndroidManifest.xml:31:17-49
167            <meta-data
167-->[androidx.lifecycle:lifecycle-process:2.6.2] AndroidManifest.xml:29:13-31:52
168                android:name="androidx.lifecycle.ProcessLifecycleInitializer"
168-->[androidx.lifecycle:lifecycle-process:2.6.2] AndroidManifest.xml:30:17-78
169                android:value="androidx.startup" />
169-->[androidx.lifecycle:lifecycle-process:2.6.2] AndroidManifest.xml:31:17-49
170            <meta-data
170-->[androidx.profileinstaller:profileinstaller:1.3.0] AndroidManifest.xml:29:13-31:52
171                android:name="androidx.profileinstaller.ProfileInstallerInitializer"
171-->[androidx.profileinstaller:profileinstaller:1.3.0] AndroidManifest.xml:30:17-85
172                android:value="androidx.startup" />
172-->[androidx.profileinstaller:profileinstaller:1.3.0] AndroidManifest.xml:31:17-49
173        </provider>
174
175        <service
175-->[androidx.work:work-runtime:2.9.0] AndroidManifest.xml:39:9-45:35
176            android:name="androidx.work.impl.background.systemalarm.SystemAlarmService"
176-->[androidx.work:work-runtime:2.9.0] AndroidManifest.xml:40:13-88
177            android:directBootAware="false"
177-->[androidx.work:work-runtime:2.9.0] AndroidManifest.xml:41:13-44
178            android:enabled="@bool/enable_system_alarm_service_default"
178-->[androidx.work:work-runtime:2.9.0] AndroidManifest.xml:42:13-72
179            android:exported="false" />
179-->[androidx.work:work-runtime:2.9.0] AndroidManifest.xml:43:13-37
180        <service
180-->[androidx.work:work-runtime:2.9.0] AndroidManifest.xml:46:9-52:35
181            android:name="androidx.work.impl.background.systemjob.SystemJobService"
181-->[androidx.work:work-runtime:2.9.0] AndroidManifest.xml:47:13-84
182            android:directBootAware="false"
182-->[androidx.work:work-runtime:2.9.0] AndroidManifest.xml:48:13-44
183            android:enabled="@bool/enable_system_job_service_default"
183-->[androidx.work:work-runtime:2.9.0] AndroidManifest.xml:49:13-70
184            android:exported="true"
184-->[androidx.work:work-runtime:2.9.0] AndroidManifest.xml:50:13-36
185            android:permission="android.permission.BIND_JOB_SERVICE" />
185-->[androidx.work:work-runtime:2.9.0] AndroidManifest.xml:51:13-69
186        <service
186-->[androidx.work:work-runtime:2.9.0] AndroidManifest.xml:53:9-59:35
187            android:name="androidx.work.impl.foreground.SystemForegroundService"
187-->[androidx.work:work-runtime:2.9.0] AndroidManifest.xml:54:13-81
188            android:directBootAware="false"
188-->[androidx.work:work-runtime:2.9.0] AndroidManifest.xml:55:13-44
189            android:enabled="@bool/enable_system_foreground_service_default"
189-->[androidx.work:work-runtime:2.9.0] AndroidManifest.xml:56:13-77
190            android:exported="false" />
190-->[androidx.work:work-runtime:2.9.0] AndroidManifest.xml:57:13-37
191
192        <receiver
192-->[androidx.work:work-runtime:2.9.0] AndroidManifest.xml:61:9-66:35
193            android:name="androidx.work.impl.utils.ForceStopRunnable$BroadcastReceiver"
193-->[androidx.work:work-runtime:2.9.0] AndroidManifest.xml:62:13-88
194            android:directBootAware="false"
194-->[androidx.work:work-runtime:2.9.0] AndroidManifest.xml:63:13-44
195            android:enabled="true"
195-->[androidx.work:work-runtime:2.9.0] AndroidManifest.xml:64:13-35
196            android:exported="false" />
196-->[androidx.work:work-runtime:2.9.0] AndroidManifest.xml:65:13-37
197        <receiver
197-->[androidx.work:work-runtime:2.9.0] AndroidManifest.xml:67:9-77:20
198            android:name="androidx.work.impl.background.systemalarm.ConstraintProxy$BatteryChargingProxy"
198-->[androidx.work:work-runtime:2.9.0] AndroidManifest.xml:68:13-106
199            android:directBootAware="false"
199-->[androidx.work:work-runtime:2.9.0] AndroidManifest.xml:69:13-44
200            android:enabled="false"
200-->[androidx.work:work-runtime:2.9.0] AndroidManifest.xml:70:13-36
201            android:exported="false" >
201-->[androidx.work:work-runtime:2.9.0] AndroidManifest.xml:71:13-37
202            <intent-filter>
202-->[androidx.work:work-runtime:2.9.0] AndroidManifest.xml:73:13-76:29
203                <action android:name="android.intent.action.ACTION_POWER_CONNECTED" />
203-->[androidx.work:work-runtime:2.9.0] AndroidManifest.xml:74:17-87
203-->[androidx.work:work-runtime:2.9.0] AndroidManifest.xml:74:25-84
204                <action android:name="android.intent.action.ACTION_POWER_DISCONNECTED" />
204-->[androidx.work:work-runtime:2.9.0] AndroidManifest.xml:75:17-90
204-->[androidx.work:work-runtime:2.9.0] AndroidManifest.xml:75:25-87
205            </intent-filter>
206        </receiver>
207        <receiver
207-->[androidx.work:work-runtime:2.9.0] AndroidManifest.xml:78:9-88:20
208            android:name="androidx.work.impl.background.systemalarm.ConstraintProxy$BatteryNotLowProxy"
208-->[androidx.work:work-runtime:2.9.0] AndroidManifest.xml:79:13-104
209            android:directBootAware="false"
209-->[androidx.work:work-runtime:2.9.0] AndroidManifest.xml:80:13-44
210            android:enabled="false"
210-->[androidx.work:work-runtime:2.9.0] AndroidManifest.xml:81:13-36
211            android:exported="false" >
211-->[androidx.work:work-runtime:2.9.0] AndroidManifest.xml:82:13-37
212            <intent-filter>
212-->[androidx.work:work-runtime:2.9.0] AndroidManifest.xml:84:13-87:29
213                <action android:name="android.intent.action.BATTERY_OKAY" />
213-->[androidx.work:work-runtime:2.9.0] AndroidManifest.xml:85:17-77
213-->[androidx.work:work-runtime:2.9.0] AndroidManifest.xml:85:25-74
214                <action android:name="android.intent.action.BATTERY_LOW" />
214-->[androidx.work:work-runtime:2.9.0] AndroidManifest.xml:86:17-76
214-->[androidx.work:work-runtime:2.9.0] AndroidManifest.xml:86:25-73
215            </intent-filter>
216        </receiver>
217        <receiver
217-->[androidx.work:work-runtime:2.9.0] AndroidManifest.xml:89:9-99:20
218            android:name="androidx.work.impl.background.systemalarm.ConstraintProxy$StorageNotLowProxy"
218-->[androidx.work:work-runtime:2.9.0] AndroidManifest.xml:90:13-104
219            android:directBootAware="false"
219-->[androidx.work:work-runtime:2.9.0] AndroidManifest.xml:91:13-44
220            android:enabled="false"
220-->[androidx.work:work-runtime:2.9.0] AndroidManifest.xml:92:13-36
221            android:exported="false" >
221-->[androidx.work:work-runtime:2.9.0] AndroidManifest.xml:93:13-37
222            <intent-filter>
222-->[androidx.work:work-runtime:2.9.0] AndroidManifest.xml:95:13-98:29
223                <action android:name="android.intent.action.DEVICE_STORAGE_LOW" />
223-->[androidx.work:work-runtime:2.9.0] AndroidManifest.xml:96:17-83
223-->[androidx.work:work-runtime:2.9.0] AndroidManifest.xml:96:25-80
224                <action android:name="android.intent.action.DEVICE_STORAGE_OK" />
224-->[androidx.work:work-runtime:2.9.0] AndroidManifest.xml:97:17-82
224-->[androidx.work:work-runtime:2.9.0] AndroidManifest.xml:97:25-79
225            </intent-filter>
226        </receiver>
227        <receiver
227-->[androidx.work:work-runtime:2.9.0] AndroidManifest.xml:100:9-109:20
228            android:name="androidx.work.impl.background.systemalarm.ConstraintProxy$NetworkStateProxy"
228-->[androidx.work:work-runtime:2.9.0] AndroidManifest.xml:101:13-103
229            android:directBootAware="false"
229-->[androidx.work:work-runtime:2.9.0] AndroidManifest.xml:102:13-44
230            android:enabled="false"
230-->[androidx.work:work-runtime:2.9.0] AndroidManifest.xml:103:13-36
231            android:exported="false" >
231-->[androidx.work:work-runtime:2.9.0] AndroidManifest.xml:104:13-37
232            <intent-filter>
232-->[androidx.work:work-runtime:2.9.0] AndroidManifest.xml:106:13-108:29
233                <action android:name="android.net.conn.CONNECTIVITY_CHANGE" />
233-->[androidx.work:work-runtime:2.9.0] AndroidManifest.xml:107:17-79
233-->[androidx.work:work-runtime:2.9.0] AndroidManifest.xml:107:25-76
234            </intent-filter>
235        </receiver>
236        <receiver
236-->[androidx.work:work-runtime:2.9.0] AndroidManifest.xml:110:9-121:20
237            android:name="androidx.work.impl.background.systemalarm.RescheduleReceiver"
237-->[androidx.work:work-runtime:2.9.0] AndroidManifest.xml:111:13-88
238            android:directBootAware="false"
238-->[androidx.work:work-runtime:2.9.0] AndroidManifest.xml:112:13-44
239            android:enabled="false"
239-->[androidx.work:work-runtime:2.9.0] AndroidManifest.xml:113:13-36
240            android:exported="false" >
240-->[androidx.work:work-runtime:2.9.0] AndroidManifest.xml:114:13-37
241            <intent-filter>
241-->[androidx.work:work-runtime:2.9.0] AndroidManifest.xml:116:13-120:29
242                <action android:name="android.intent.action.BOOT_COMPLETED" />
242-->[androidx.work:work-runtime:2.9.0] AndroidManifest.xml:117:17-79
242-->[androidx.work:work-runtime:2.9.0] AndroidManifest.xml:117:25-76
243                <action android:name="android.intent.action.TIME_SET" />
243-->[androidx.work:work-runtime:2.9.0] AndroidManifest.xml:118:17-73
243-->[androidx.work:work-runtime:2.9.0] AndroidManifest.xml:118:25-70
244                <action android:name="android.intent.action.TIMEZONE_CHANGED" />
244-->[androidx.work:work-runtime:2.9.0] AndroidManifest.xml:119:17-81
244-->[androidx.work:work-runtime:2.9.0] AndroidManifest.xml:119:25-78
245            </intent-filter>
246        </receiver>
247        <receiver
247-->[androidx.work:work-runtime:2.9.0] AndroidManifest.xml:122:9-131:20
248            android:name="androidx.work.impl.background.systemalarm.ConstraintProxyUpdateReceiver"
248-->[androidx.work:work-runtime:2.9.0] AndroidManifest.xml:123:13-99
249            android:directBootAware="false"
249-->[androidx.work:work-runtime:2.9.0] AndroidManifest.xml:124:13-44
250            android:enabled="@bool/enable_system_alarm_service_default"
250-->[androidx.work:work-runtime:2.9.0] AndroidManifest.xml:125:13-72
251            android:exported="false" >
251-->[androidx.work:work-runtime:2.9.0] AndroidManifest.xml:126:13-37
252            <intent-filter>
252-->[androidx.work:work-runtime:2.9.0] AndroidManifest.xml:128:13-130:29
253                <action android:name="androidx.work.impl.background.systemalarm.UpdateProxies" />
253-->[androidx.work:work-runtime:2.9.0] AndroidManifest.xml:129:17-98
253-->[androidx.work:work-runtime:2.9.0] AndroidManifest.xml:129:25-95
254            </intent-filter>
255        </receiver>
256        <receiver
256-->[androidx.work:work-runtime:2.9.0] AndroidManifest.xml:132:9-142:20
257            android:name="androidx.work.impl.diagnostics.DiagnosticsReceiver"
257-->[androidx.work:work-runtime:2.9.0] AndroidManifest.xml:133:13-78
258            android:directBootAware="false"
258-->[androidx.work:work-runtime:2.9.0] AndroidManifest.xml:134:13-44
259            android:enabled="true"
259-->[androidx.work:work-runtime:2.9.0] AndroidManifest.xml:135:13-35
260            android:exported="true"
260-->[androidx.work:work-runtime:2.9.0] AndroidManifest.xml:136:13-36
261            android:permission="android.permission.DUMP" >
261-->[androidx.work:work-runtime:2.9.0] AndroidManifest.xml:137:13-57
262            <intent-filter>
262-->[androidx.work:work-runtime:2.9.0] AndroidManifest.xml:139:13-141:29
263                <action android:name="androidx.work.diagnostics.REQUEST_DIAGNOSTICS" />
263-->[androidx.work:work-runtime:2.9.0] AndroidManifest.xml:140:17-88
263-->[androidx.work:work-runtime:2.9.0] AndroidManifest.xml:140:25-85
264            </intent-filter>
265        </receiver>
266
267        <service
267-->[androidx.room:room-runtime:2.6.1] AndroidManifest.xml:24:9-28:63
268            android:name="androidx.room.MultiInstanceInvalidationService"
268-->[androidx.room:room-runtime:2.6.1] AndroidManifest.xml:25:13-74
269            android:directBootAware="true"
269-->[androidx.room:room-runtime:2.6.1] AndroidManifest.xml:26:13-43
270            android:exported="false" />
270-->[androidx.room:room-runtime:2.6.1] AndroidManifest.xml:27:13-37
271
272        <activity
272-->[androidx.compose.ui:ui-test-manifest:1.5.4] AndroidManifest.xml:23:9-25:39
273            android:name="androidx.activity.ComponentActivity"
273-->[androidx.compose.ui:ui-test-manifest:1.5.4] AndroidManifest.xml:24:13-63
274            android:exported="true" />
274-->[androidx.compose.ui:ui-test-manifest:1.5.4] AndroidManifest.xml:25:13-36
275        <activity
275-->[androidx.compose.ui:ui-tooling-android:1.5.4] AndroidManifest.xml:23:9-25:39
276            android:name="androidx.compose.ui.tooling.PreviewActivity"
276-->[androidx.compose.ui:ui-tooling-android:1.5.4] AndroidManifest.xml:24:13-71
277            android:exported="true" />
277-->[androidx.compose.ui:ui-tooling-android:1.5.4] AndroidManifest.xml:25:13-36
278
279        <receiver
279-->[androidx.profileinstaller:profileinstaller:1.3.0] AndroidManifest.xml:34:9-52:20
280            android:name="androidx.profileinstaller.ProfileInstallReceiver"
280-->[androidx.profileinstaller:profileinstaller:1.3.0] AndroidManifest.xml:35:13-76
281            android:directBootAware="false"
281-->[androidx.profileinstaller:profileinstaller:1.3.0] AndroidManifest.xml:36:13-44
282            android:enabled="true"
282-->[androidx.profileinstaller:profileinstaller:1.3.0] AndroidManifest.xml:37:13-35
283            android:exported="true"
283-->[androidx.profileinstaller:profileinstaller:1.3.0] AndroidManifest.xml:38:13-36
284            android:permission="android.permission.DUMP" >
284-->[androidx.profileinstaller:profileinstaller:1.3.0] AndroidManifest.xml:39:13-57
285            <intent-filter>
285-->[androidx.profileinstaller:profileinstaller:1.3.0] AndroidManifest.xml:40:13-42:29
286                <action android:name="androidx.profileinstaller.action.INSTALL_PROFILE" />
286-->[androidx.profileinstaller:profileinstaller:1.3.0] AndroidManifest.xml:41:17-91
286-->[androidx.profileinstaller:profileinstaller:1.3.0] AndroidManifest.xml:41:25-88
287            </intent-filter>
288            <intent-filter>
288-->[androidx.profileinstaller:profileinstaller:1.3.0] AndroidManifest.xml:43:13-45:29
289                <action android:name="androidx.profileinstaller.action.SKIP_FILE" />
289-->[androidx.profileinstaller:profileinstaller:1.3.0] AndroidManifest.xml:44:17-85
289-->[androidx.profileinstaller:profileinstaller:1.3.0] AndroidManifest.xml:44:25-82
290            </intent-filter>
291            <intent-filter>
291-->[androidx.profileinstaller:profileinstaller:1.3.0] AndroidManifest.xml:46:13-48:29
292                <action android:name="androidx.profileinstaller.action.SAVE_PROFILE" />
292-->[androidx.profileinstaller:profileinstaller:1.3.0] AndroidManifest.xml:47:17-88
292-->[androidx.profileinstaller:profileinstaller:1.3.0] AndroidManifest.xml:47:25-85
293            </intent-filter>
294            <intent-filter>